<?xml version="1.0" encoding="UTF-8"?>
<!-- Generated by org.testng.reporters.JUnitReportReporter -->
<testsuite skipped="0" hostname="synclapn5852" name="sample1.Signup" tests="1" failures="0" timestamp="12 Dec 2018 12:04:52 GMT" time="17.649" errors="0">
  <testcase name="Signin" time="17.649" classname="sample1.Signup"/>
</testsuite> <!-- sample1.Signup -->
